-------------------------------------------------------------------------------
Test set: com.unisoft.csinfotechbd.CsinfotechbdApplicationTests
-------------------------------------------------------------------------------
Tests run: 1, Failures: 0, Errors: 1, Skipped: 0, Time elapsed: 56.879 s <<< FAILURE! - in com.unisoft.csinfotechbd.CsinfotechbdApplicationTests
contextLoads(com.unisoft.csinfotechbd.CsinfotechbdApplicationTests)  Time elapsed: 0 s  <<< ERROR!
java.lang.IllegalStateException: Failed to load ApplicationContext
Caused by: org.springframework.beans.factory.UnsatisfiedDependencyException: Error creating bean with name 'accountInformationController': Unsatisfied dependency expressed through field 'accountInformationService'; nested exception is org.springframework.beans.factory.UnsatisfiedDependencyException: Error creating bean with name 'accountInformationService': Unsatisfied dependency expressed through field 'accountInformationDao'; nested exception is org.springframework.beans.factory.UnsatisfiedDependencyException: Error creating bean with name 'accountInformationDao': Unsatisfied dependency expressed through field 'clientDbServerIfic'; nested exception is org.springframework.beans.factory.BeanCreationException: Error creating bean with name 'clientDbServerIfic' defined in class path resource [com/unisoft/config/ClientDbServerConfig.class]: Bean instantiation via factory method failed; nested exception is org.springframework.beans.BeanInstantiationException: Failed to instantiate [javax.sql.DataSource]: Factory method 'ificClientDBDataSource' threw exception; nested exception is org.springframework.boot.autoconfigure.jdbc.DataSourceProperties$DataSourceBeanCreationException: Failed to determine a suitable driver class
Caused by: org.springframework.beans.factory.UnsatisfiedDependencyException: Error creating bean with name 'accountInformationService': Unsatisfied dependency expressed through field 'accountInformationDao'; nested exception is org.springframework.beans.factory.UnsatisfiedDependencyException: Error creating bean with name 'accountInformationDao': Unsatisfied dependency expressed through field 'clientDbServerIfic'; nested exception is org.springframework.beans.factory.BeanCreationException: Error creating bean with name 'clientDbServerIfic' defined in class path resource [com/unisoft/config/ClientDbServerConfig.class]: Bean instantiation via factory method failed; nested exception is org.springframework.beans.BeanInstantiationException: Failed to instantiate [javax.sql.DataSource]: Factory method 'ificClientDBDataSource' threw exception; nested exception is org.springframework.boot.autoconfigure.jdbc.DataSourceProperties$DataSourceBeanCreationException: Failed to determine a suitable driver class
Caused by: org.springframework.beans.factory.UnsatisfiedDependencyException: Error creating bean with name 'accountInformationDao': Unsatisfied dependency expressed through field 'clientDbServerIfic'; nested exception is org.springframework.beans.factory.BeanCreationException: Error creating bean with name 'clientDbServerIfic' defined in class path resource [com/unisoft/config/ClientDbServerConfig.class]: Bean instantiation via factory method failed; nested exception is org.springframework.beans.BeanInstantiationException: Failed to instantiate [javax.sql.DataSource]: Factory method 'ificClientDBDataSource' threw exception; nested exception is org.springframework.boot.autoconfigure.jdbc.DataSourceProperties$DataSourceBeanCreationException: Failed to determine a suitable driver class
Caused by: org.springframework.beans.factory.BeanCreationException: Error creating bean with name 'clientDbServerIfic' defined in class path resource [com/unisoft/config/ClientDbServerConfig.class]: Bean instantiation via factory method failed; nested exception is org.springframework.beans.BeanInstantiationException: Failed to instantiate [javax.sql.DataSource]: Factory method 'ificClientDBDataSource' threw exception; nested exception is org.springframework.boot.autoconfigure.jdbc.DataSourceProperties$DataSourceBeanCreationException: Failed to determine a suitable driver class
Caused by: org.springframework.beans.BeanInstantiationException: Failed to instantiate [javax.sql.DataSource]: Factory method 'ificClientDBDataSource' threw exception; nested exception is org.springframework.boot.autoconfigure.jdbc.DataSourceProperties$DataSourceBeanCreationException: Failed to determine a suitable driver class
Caused by: org.springframework.boot.autoconfigure.jdbc.DataSourceProperties$DataSourceBeanCreationException: Failed to determine a suitable driver class

